<?xml version="1.0" encoding="UTF-8"?>
<robot generator="Robot 5.0.1 (Python 3.8.3 on win32)" generated="20220814 23:44:18.704" rpa="false" schemaversion="3">
<suite id="s1" name="Testing Robot Framework" source="C:\Users\CR7\PycharmProjects\RobotFramework\Amazon_Framework\tests\AmazonApp.robot">
<kw name="Begin Suite Setup" library="Common_Keywords" type="SETUP">
<kw name="Log" library="BuiltIn">
<arg>Suite Setup Begins-Runs at the beggining of Suite</arg>
<doc>Logs the given message with the given level.</doc>
<msg timestamp="20220814 23:44:19.587" level="INFO">Suite Setup Begins-Runs at the beggining of Suite</msg>
<status status="PASS" starttime="20220814 23:44:19.587" endtime="20220814 23:44:19.587"/>
</kw>
<kw name="Insert Testing Data" library="Common_Keywords">
<kw name="Log" library="BuiltIn">
<arg>This is Example of Keyword use inside Suite Setup</arg>
<doc>Logs the given message with the given level.</doc>
<msg timestamp="20220814 23:44:19.588" level="INFO">This is Example of Keyword use inside Suite Setup</msg>
<status status="PASS" starttime="20220814 23:44:19.588" endtime="20220814 23:44:19.588"/>
</kw>
<status status="PASS" starttime="20220814 23:44:19.587" endtime="20220814 23:44:19.588"/>
</kw>
<status status="PASS" starttime="20220814 23:44:19.587" endtime="20220814 23:44:19.588"/>
</kw>
<test id="s1-t1" name="TC01 - Testcase name1 - Shopping @ Amazon" line="20">
<kw name="Begin Web Testing" library="Common_Keywords" type="SETUP">
<kw name="Open Browser" library="SeleniumLibrary">
<arg>about:blank</arg>
<arg>${BROWSER}</arg>
<doc>Opens a new browser instance to the optional ``url``.</doc>
<msg timestamp="20220814 23:44:19.590" level="INFO">Opening browser 'Chrome' to base url 'about:blank'.</msg>
<status status="PASS" starttime="20220814 23:44:19.590" endtime="20220814 23:44:21.388"/>
</kw>
<status status="PASS" starttime="20220814 23:44:19.590" endtime="20220814 23:44:21.389"/>
</kw>
<kw name="Search for Products on Amazon" library="AmazonApp_Keywords">
<kw name="Open Homepage" library="AmazonHome_PO">
<kw name="Go To" library="SeleniumLibrary">
<arg>${URL}</arg>
<doc>Navigates the current browser window to the provided ``url``.</doc>
<msg timestamp="20220814 23:44:21.395" level="INFO">Opening url 'http://www.amazon.com'</msg>
<status status="PASS" starttime="20220814 23:44:21.394" endtime="20220814 23:45:17.598"/>
</kw>
<kw name="Maximize Browser Window" library="SeleniumLibrary">
<doc>Maximizes current browser window.</doc>
<status status="PASS" starttime="20220814 23:45:17.598" endtime="20220814 23:45:17.778"/>
</kw>
<status status="PASS" starttime="20220814 23:44:21.391" endtime="20220814 23:45:17.778"/>
</kw>
<kw name="Validate Homepage" library="AmazonHome_PO">
<kw name="Wait Until Page Contains" library="SeleniumLibrary">
<arg>Hello</arg>
<arg>timeout=3</arg>
<doc>Waits until ``text`` appears on the current page.</doc>
<status status="PASS" starttime="20220814 23:45:17.779" endtime="20220814 23:45:17.862"/>
</kw>
<kw name="Wait Until Page Contains" library="SeleniumLibrary">
<arg>Select your address</arg>
<arg>timeout=3</arg>
<doc>Waits until ``text`` appears on the current page.</doc>
<status status="PASS" starttime="20220814 23:45:17.863" endtime="20220814 23:45:17.936"/>
</kw>
<status status="PASS" starttime="20220814 23:45:17.778" endtime="20220814 23:45:17.936"/>
</kw>
<kw name="Search Item" library="AmazonHome_PO">
<kw name="Input Text" library="SeleniumLibrary">
<arg>id=twotabsearchtextbox</arg>
<arg>${SEARCH_ITEM}</arg>
<doc>Types the given ``text`` into the text field identified by ``locator``.</doc>
<msg timestamp="20220814 23:45:17.937" level="INFO">Typing text 'Ferrari 458' into text field 'id=twotabsearchtextbox'.</msg>
<status status="PASS" starttime="20220814 23:45:17.937" endtime="20220814 23:45:18.228"/>
</kw>
<status status="PASS" starttime="20220814 23:45:17.936" endtime="20220814 23:45:18.228"/>
</kw>
<kw name="Click Search Button" library="AmazonHome_PO">
<kw name="Click Button" library="SeleniumLibrary">
<arg>id=nav-search-submit-button</arg>
<doc>Clicks the button identified by ``locator``.</doc>
<msg timestamp="20220814 23:45:18.229" level="INFO">Clicking button 'id=nav-search-submit-button'.</msg>
<status status="PASS" starttime="20220814 23:45:18.229" endtime="20220814 23:45:29.803"/>
</kw>
<status status="PASS" starttime="20220814 23:45:18.228" endtime="20220814 23:45:29.803"/>
</kw>
<status status="PASS" starttime="20220814 23:44:21.390" endtime="20220814 23:45:29.803"/>
</kw>
<kw name="Validate Product from Search Results" library="AmazonApp_Keywords">
<kw name="Validate Search Results" library="SearchResults_PO">
<kw name="Wait Until Page Contains" library="SeleniumLibrary">
<arg>results for "${SEARCH_ITEM}"</arg>
<doc>Waits until ``text`` appears on the current page.</doc>
<status status="PASS" starttime="20220814 23:45:29.806" endtime="20220814 23:45:29.845"/>
</kw>
<status status="PASS" starttime="20220814 23:45:29.805" endtime="20220814 23:45:29.846"/>
</kw>
<status status="PASS" starttime="20220814 23:45:29.804" endtime="20220814 23:45:29.846"/>
</kw>
<kw name="Open Product Details" library="AmazonApp_Keywords">
<kw name="Select Product" library="SearchResults_PO">
<doc>For this test we are selecting the first item on the Search Results</doc>
<kw name="Click Link" library="SeleniumLibrary">
<arg>css=#search &gt; div.s-desktop-width-max.s-desktop-content.s-opposite-dir.sg-row &gt; div.s-matching-dir.sg-col-16-of-20.sg-col.sg-col-8-of-12.sg-col-12-of-16 &gt; div &gt; span:nth-child(4) &gt; div.s-main-slot.s-result-list.s-search-results.sg-row &gt; div:nth-child(3) &gt; div &gt; div &gt; div &gt; div &gt; div &gt; div &gt; div.a-section.a-spacing-small.puis-padding-left-small.puis-padding-right-small &gt; div.a-section.a-spacing-none.a-spacing-top-small.s-title-instructions-style &gt; h2 &gt; a</arg>
<doc>Clicks a link identified by ``locator``.</doc>
<msg timestamp="20220814 23:45:29.848" level="INFO">Clicking link 'css=#search &gt; div.s-desktop-width-max.s-desktop-content.s-opposite-dir.sg-row &gt; div.s-matching-dir.sg-col-16-of-20.sg-col.sg-col-8-of-12.sg-col-12-of-16 &gt; div &gt; span:nth-child(4) &gt; div.s-main-slot.s-result-list.s-search-results.sg-row &gt; div:nth-child(3) &gt; div &gt; div &gt; div &gt; div &gt; div &gt; div &gt; div.a-section.a-spacing-small.puis-padding-left-small.puis-padding-right-small &gt; div.a-section.a-spacing-none.a-spacing-top-small.s-title-instructions-style &gt; h2 &gt; a'.</msg>
<status status="PASS" starttime="20220814 23:45:29.848" endtime="20220814 23:47:09.169"/>
</kw>
<status status="PASS" starttime="20220814 23:45:29.847" endtime="20220814 23:47:09.169"/>
</kw>
<kw name="Load Product Details" library="ProductDetails_PO">
<kw name="Wait Until Page Contains Element" library="SeleniumLibrary">
<arg>id=breadcrumb-back-link</arg>
<doc>Waits until the element ``locator`` appears on the current page.</doc>
<status status="PASS" starttime="20220814 23:47:09.171" endtime="20220814 23:47:09.221"/>
</kw>
<status status="PASS" starttime="20220814 23:47:09.170" endtime="20220814 23:47:09.221"/>
</kw>
<status status="PASS" starttime="20220814 23:45:29.847" endtime="20220814 23:47:09.222"/>
</kw>
<kw name="Add Product into Cart" library="AmazonApp_Keywords">
<kw name="Click Add to Cart Button" library="ProductDetails_PO">
<kw name="Click Button" library="SeleniumLibrary">
<arg>id=add-to-cart-button</arg>
<doc>Clicks the button identified by ``locator``.</doc>
<msg timestamp="20220814 23:47:09.225" level="INFO">Clicking button 'id=add-to-cart-button'.</msg>
<msg timestamp="20220814 23:47:10.609" level="INFO" html="true">&lt;/td&gt;&lt;/tr&gt;&lt;tr&gt;&lt;td colspan="3"&gt;&lt;a href="selenium-screenshot-1.png"&gt;&lt;img src="selenium-screenshot-1.png" width="800px"&gt;&lt;/a&gt;</msg>
<msg timestamp="20220814 23:47:10.612" level="FAIL">ElementClickInterceptedException: Message: element click intercepted: Element &lt;input id="add-to-cart-button" name="submit.add-to-cart" title="Add to Shopping Cart" data-hover="Select &lt;b&gt;__dims__&lt;/b&gt; from the left&lt;br&gt; to add to Shopping Cart" class="a-button-input attach-dss-atc" type="button" value="Add to Cart" aria-labelledby="submit.add-to-cart-announce"&gt; is not clickable at point (1209, 544). Other element would receive the click: &lt;img id="detailImg" src="https://m.media-amazon.com/images/I/71VfhVxN1KL._AC_SL1500_.jpg" style="position: absolute; left: -788px; top: -223px;"&gt;
  (Session info: chrome=104.0.5112.81)
Stacktrace:
Backtrace:
	Ordinal0 [0x007378B3+2193587]
	Ordinal0 [0x006D0681+1771137]
	Ordinal0 [0x005E41A8+803240]
	Ordinal0 [0x00618C84+1019012]
	Ordinal0 [0x00616C48+1010760]
	Ordinal0 [0x0061493B+1001787]
	Ordinal0 [0x00613699+997017]
	Ordinal0 [0x00609223+954915]
	Ordinal0 [0x0062D7AC+1103788]
	Ordinal0 [0x00608C04+953348]
	Ordinal0 [0x0062D9C4+1104324]
	Ordinal0 [0x0063DAE2+1170146]
	Ordinal0 [0x0062D5C6+1103302]
	Ordinal0 [0x006077E0+948192]
	Ordinal0 [0x006086E6+952038]
	GetHandleVerifier [0x009E0CB2+2738370]
	GetHandleVerifier [0x009D21B8+2678216]
	GetHandleVerifier [0x007C17AA+512954]
	GetHandleVerifier [0x007C0856+509030]
	Ordinal0 [0x006D743B+1799227]
	Ordinal0 [0x006DBB68+1817448]
	Ordinal0 [0x006DBC55+1817685]
	Ordinal0 [0x006E5230+1856048]
	BaseThreadInitThunk [0x75C8FA29+25]
	RtlGetAppContainerNamedObjectPath [0x778E7A9E+286]
	RtlGetAppContainerNamedObjectPath [0x778E7A6E+238]
</msg>
<status status="FAIL" starttime="20220814 23:47:09.224" endtime="20220814 23:47:10.694"/>
</kw>
<kw name="Sleep" library="BuiltIn">
<arg>3s</arg>
<doc>Pauses the test executed for the given time.</doc>
<status status="NOT RUN" starttime="20220814 23:47:10.700" endtime="20220814 23:47:10.700"/>
</kw>
<kw name="Click Button" library="SeleniumLibrary">
<arg>xpath=//*[@id="attachSiAddCoverage"]/span/input</arg>
<doc>Clicks the button identified by ``locator``.</doc>
<status status="NOT RUN" starttime="20220814 23:47:10.701" endtime="20220814 23:47:10.701"/>
</kw>
<kw name="Sleep" library="BuiltIn">
<arg>3s</arg>
<doc>Pauses the test executed for the given time.</doc>
<status status="NOT RUN" starttime="20220814 23:47:10.701" endtime="20220814 23:47:10.701"/>
</kw>
<status status="FAIL" starttime="20220814 23:47:09.223" endtime="20220814 23:47:10.702"/>
</kw>
<kw name="Validate Cart" library="ProductDetails_PO">
<status status="NOT RUN" starttime="20220814 23:47:10.702" endtime="20220814 23:47:10.702"/>
</kw>
<status status="FAIL" starttime="20220814 23:47:09.223" endtime="20220814 23:47:10.703"/>
</kw>
<kw name="Begin Checkout" library="AmazonApp_Keywords">
<status status="NOT RUN" starttime="20220814 23:47:10.704" endtime="20220814 23:47:10.704"/>
</kw>
<kw name="End Web Testing" library="Common_Keywords" type="TEARDOWN">
<kw name="Close Browser" library="SeleniumLibrary">
<doc>Closes the current browser.</doc>
<status status="PASS" starttime="20220814 23:47:10.705" endtime="20220814 23:47:13.113"/>
</kw>
<kw name="Log" library="BuiltIn">
<arg>End of Script</arg>
<doc>Logs the given message with the given level.</doc>
<msg timestamp="20220814 23:47:13.115" level="INFO">End of Script</msg>
<status status="PASS" starttime="20220814 23:47:13.114" endtime="20220814 23:47:13.115"/>
</kw>
<status status="PASS" starttime="20220814 23:47:10.705" endtime="20220814 23:47:13.116"/>
</kw>
<doc>This is testcase documentation for TC01</doc>
<tag>Smoke</tag>
<status status="FAIL" starttime="20220814 23:44:19.588" endtime="20220814 23:47:13.117">ElementClickInterceptedException: Message: element click intercepted: Element &lt;input id="add-to-cart-button" name="submit.add-to-cart" title="Add to Shopping Cart" data-hover="Select &lt;b&gt;__dims__&lt;/b&gt; from the left&lt;br&gt; to add to Shopping Cart" class="a-button-input attach-dss-atc" type="button" value="Add to Cart" aria-labelledby="submit.add-to-cart-announce"&gt; is not clickable at point (1209, 544). Other element would receive the click: &lt;img id="detailImg" src="https://m.media-amazon.com/images/I/71VfhVxN1KL._AC_SL1500_.jpg" style="position: absolute; left: -788px; top: -223px;"&gt;
  (Session info: chrome=104.0.5112.81)
Stacktrace:
Backtrace:
	Ordinal0 [0x007378B3+2193587]
	Ordinal0 [0x006D0681+1771137]
	Ordinal0 [0x005E41A8+803240]
	Ordinal0 [0x00618C84+1019012]
	Ordinal0 [0x00616C48+1010760]
	Ordinal0 [0x0061493B+1001787]
	Ordinal0 [0x00613699+997017]
	Ordinal0 [0x00609223+954915]
	Ordinal0 [0x0062D7AC+1103788]
	Ordinal0 [0x00608C04+953348]
	Ordinal0 [0x0062D9C4+1104324]
	Ordinal0 [0x0063DAE2+1170146]
	Ordinal0 [0x0062D5C6+1103302]
	Ordinal0 [0x006077E0+948192]
	Ordinal0 [0x006086E6+952038]
	GetHandleVerifier [0x009E0CB2+2738370]
	GetHandleVerifier [0x009D21B8+2678216]
	GetHandleVerifier [0x007C17AA+512954]
	GetHandleVerifier [0x007C0856+509030]
	Ordinal0 [0x006D743B+1799227]
	Ordinal0 [0x006DBB68+1817448]
	Ordinal0 [0x006DBC55+1817685]
	Ordinal0 [0x006E5230+1856048]
	BaseThreadInitThunk [0x75C8FA29+25]
	RtlGetAppContainerNamedObjectPath [0x778E7A9E+286]
	RtlGetAppContainerNamedObjectPath [0x778E7A6E+238]
</status>
</test>
<test id="s1-t2" name="TC02 - Testcase name2 - Search For Product" line="30">
<kw name="Begin Web Testing" library="Common_Keywords" type="SETUP">
<kw name="Open Browser" library="SeleniumLibrary">
<arg>about:blank</arg>
<arg>${BROWSER}</arg>
<doc>Opens a new browser instance to the optional ``url``.</doc>
<msg timestamp="20220814 23:47:13.132" level="INFO">Opening browser 'Chrome' to base url 'about:blank'.</msg>
<status status="PASS" starttime="20220814 23:47:13.130" endtime="20220814 23:47:15.420"/>
</kw>
<status status="PASS" starttime="20220814 23:47:13.129" endtime="20220814 23:47:15.421"/>
</kw>
<kw name="Search for Products on Amazon" library="AmazonApp_Keywords">
<kw name="Open Homepage" library="AmazonHome_PO">
<kw name="Go To" library="SeleniumLibrary">
<arg>${URL}</arg>
<doc>Navigates the current browser window to the provided ``url``.</doc>
<msg timestamp="20220814 23:47:15.426" level="INFO">Opening url 'http://www.amazon.com'</msg>
<status status="PASS" starttime="20220814 23:47:15.426" endtime="20220814 23:49:21.478"/>
</kw>
<kw name="Maximize Browser Window" library="SeleniumLibrary">
<doc>Maximizes current browser window.</doc>
<status status="PASS" starttime="20220814 23:49:21.478" endtime="20220814 23:49:21.756"/>
</kw>
<status status="PASS" starttime="20220814 23:47:15.425" endtime="20220814 23:49:21.756"/>
</kw>
<kw name="Validate Homepage" library="AmazonHome_PO">
<kw name="Wait Until Page Contains" library="SeleniumLibrary">
<arg>Hello</arg>
<arg>timeout=3</arg>
<doc>Waits until ``text`` appears on the current page.</doc>
<status status="PASS" starttime="20220814 23:49:21.757" endtime="20220814 23:49:21.842"/>
</kw>
<kw name="Wait Until Page Contains" library="SeleniumLibrary">
<arg>Select your address</arg>
<arg>timeout=3</arg>
<doc>Waits until ``text`` appears on the current page.</doc>
<status status="PASS" starttime="20220814 23:49:21.842" endtime="20220814 23:49:21.908"/>
</kw>
<status status="PASS" starttime="20220814 23:49:21.756" endtime="20220814 23:49:21.908"/>
</kw>
<kw name="Search Item" library="AmazonHome_PO">
<kw name="Input Text" library="SeleniumLibrary">
<arg>id=twotabsearchtextbox</arg>
<arg>${SEARCH_ITEM}</arg>
<doc>Types the given ``text`` into the text field identified by ``locator``.</doc>
<msg timestamp="20220814 23:49:21.909" level="INFO">Typing text 'Ferrari 458' into text field 'id=twotabsearchtextbox'.</msg>
<status status="PASS" starttime="20220814 23:49:21.908" endtime="20220814 23:49:22.193"/>
</kw>
<status status="PASS" starttime="20220814 23:49:21.908" endtime="20220814 23:49:22.194"/>
</kw>
<kw name="Click Search Button" library="AmazonHome_PO">
<kw name="Click Button" library="SeleniumLibrary">
<arg>id=nav-search-submit-button</arg>
<doc>Clicks the button identified by ``locator``.</doc>
<msg timestamp="20220814 23:49:22.194" level="INFO">Clicking button 'id=nav-search-submit-button'.</msg>
<status status="PASS" starttime="20220814 23:49:22.194" endtime="20220814 23:50:16.496"/>
</kw>
<status status="PASS" starttime="20220814 23:49:22.194" endtime="20220814 23:50:16.497"/>
</kw>
<status status="PASS" starttime="20220814 23:47:15.424" endtime="20220814 23:50:16.497"/>
</kw>
<kw name="End Web Testing" library="Common_Keywords" type="TEARDOWN">
<kw name="Close Browser" library="SeleniumLibrary">
<doc>Closes the current browser.</doc>
<status status="PASS" starttime="20220814 23:50:16.499" endtime="20220814 23:50:18.684"/>
</kw>
<kw name="Log" library="BuiltIn">
<arg>End of Script</arg>
<doc>Logs the given message with the given level.</doc>
<msg timestamp="20220814 23:50:18.686" level="INFO">End of Script</msg>
<status status="PASS" starttime="20220814 23:50:18.685" endtime="20220814 23:50:18.686"/>
</kw>
<status status="PASS" starttime="20220814 23:50:16.498" endtime="20220814 23:50:18.687"/>
</kw>
<doc>This is testcase documentation for TC02</doc>
<tag>Smoke</tag>
<status status="PASS" starttime="20220814 23:47:13.126" endtime="20220814 23:50:18.687"/>
</test>
<kw name="Cleanup Testing Data" library="Common_Keywords" type="TEARDOWN">
<kw name="Log" library="BuiltIn">
<arg>End Suite Setup - This runs at the end of Suite</arg>
<doc>Logs the given message with the given level.</doc>
<msg timestamp="20220814 23:50:18.695" level="INFO">End Suite Setup - This runs at the end of Suite</msg>
<status status="PASS" starttime="20220814 23:50:18.694" endtime="20220814 23:50:18.695"/>
</kw>
<status status="PASS" starttime="20220814 23:50:18.693" endtime="20220814 23:50:18.696"/>
</kw>
<doc>This is AmazonApp.robot test file</doc>
<status status="FAIL" starttime="20220814 23:44:18.706" endtime="20220814 23:50:18.696"/>
</suite>
<statistics>
<total>
<stat pass="1" fail="1" skip="0">All Tests</stat>
</total>
<tag>
<stat pass="1" fail="1" skip="0">Smoke</stat>
</tag>
<suite>
<stat pass="1" fail="1" skip="0" id="s1" name="Testing Robot Framework">Testing Robot Framework</stat>
</suite>
</statistics>
<errors>
</errors>
</robot>
